<?xml version="1.0" encoding="UTF-8"?>
<!-- Generated by org.testng.reporters.JUnitReportReporter -->
<testsuite hostname="Hp" failures="0" tests="1" name="day1.HTTPRequests" time="4.754" errors="0" timestamp="2025-05-07T13:00:17 IST" skipped="0">
  <testcase classname="day1.HTTPRequests" name="deletePost" time="4.754"/>
</testsuite> <!-- day1.HTTPRequests -->
