<?xml version="1.0" encoding="UTF-8"?>
<!-- Generated by org.testng.reporters.JUnitReportReporter -->
<testsuite hostname="Hp" failures="0" tests="1" name="evaluation.HTTPRequestsUsers" time="4.840" errors="0" timestamp="2025-05-07T13:34:42 IST" skipped="0">
  <testcase classname="evaluation.HTTPRequestsUsers" name="deletePost" time="4.840"/>
</testsuite> <!-- evaluation.HTTPRequestsUsers -->
