<?xml version="1.0" encoding="UTF-8"?>
<!-- Generated by org.testng.reporters.JUnitReportReporter -->
<testsuite hostname="Hp" failures="0" tests="1" name="evaluation.HTTPRequestsBooks" time="4.448" errors="0" timestamp="2025-05-07T13:18:48 IST" skipped="0">
  <testcase classname="evaluation.HTTPRequestsBooks" name="deletePost" time="4.448"/>
</testsuite> <!-- evaluation.HTTPRequestsBooks -->
