<?xml version="1.0" encoding="UTF-8"?>
<!-- Generated by org.testng.reporters.JUnitReportReporter -->
<testsuite hostname="Hp" failures="0" tests="1" name="evaluation.HTTPRequestsCoverPhotos" time="4.404" errors="0" timestamp="2025-05-07T13:27:08 IST" skipped="0">
  <testcase classname="evaluation.HTTPRequestsCoverPhotos" name="deletePost" time="4.404"/>
</testsuite> <!-- evaluation.HTTPRequestsCoverPhotos -->
