<?xml version="1.0" encoding="UTF-8"?>
<!-- Generated by org.testng.reporters.JUnitReportReporter -->
<testsuite hostname="Hp" failures="0" tests="1" name="evaluation.HTTPRequestsAuthors" time="4.602" errors="0" timestamp="2025-05-07T13:12:24 IST" skipped="0">
  <testcase classname="evaluation.HTTPRequestsAuthors" name="deletePost" time="4.602"/>
</testsuite> <!-- evaluation.HTTPRequestsAuthors -->
